\BOOKMARK [1][-]{Abstract.1}{Abstract}{}% 1
\BOOKMARK [1][-]{tableofcontents.1}{Contents}{}% 2
\BOOKMARK [1][-]{lof.1}{List of Figures}{}% 3
\BOOKMARK [1][-]{lot.1}{List of Tables}{}% 4
\BOOKMARK [0][-]{chapter.1}{Introduction}{}% 5
\BOOKMARK [0][-]{chapter.2}{Litrature Review}{}% 6
\BOOKMARK [1][-]{section.2.1}{Metrology}{chapter.2}% 7
\BOOKMARK [1][-]{section.2.2}{Computed Tomography}{chapter.2}% 8
\BOOKMARK [1][-]{section.2.3}{Simulation}{chapter.2}% 9
\BOOKMARK [0][-]{chapter.3}{Experimental Methodolgy}{}% 10
\BOOKMARK [1][-]{section.3.1}{Intoduction}{chapter.3}% 11
\BOOKMARK [1][-]{section.3.2}{Spherical Projections and Reconstruction}{chapter.3}% 12
\BOOKMARK [1][-]{section.3.3}{Measurement}{chapter.3}% 13
\BOOKMARK [1][-]{section.3.4}{Calculation of the Modulation Transfer Function}{chapter.3}% 14
\BOOKMARK [2][-]{subsection.3.4.1}{Polar Method}{section.3.4}% 15
\BOOKMARK [1][-]{section.3.5}{Beam Hardening}{chapter.3}% 16
\BOOKMARK [0][-]{chapter.4}{Results}{}% 17
\BOOKMARK [1][-]{section.4.1}{Introduction}{chapter.4}% 18
\BOOKMARK [1][-]{section.4.2}{Measurement Uncertainty}{chapter.4}% 19
\BOOKMARK [1][-]{section.4.3}{Polychromatic Projections}{chapter.4}% 20
\BOOKMARK [1][-]{section.4.4}{Image Resolution - MTF half width}{chapter.4}% 21
\BOOKMARK [1][-]{section.4.5}{Analytic MTF}{chapter.4}% 22
\BOOKMARK [0][-]{chapter.5}{Conclusion}{}% 23
